2026-02-04 17:50:55 | INFO     | __main__:main:45 - ==================================================
2026-02-04 17:50:55 | INFO     | __main__:main:46 - IntelCLaw - Autonomous AI Agent
2026-02-04 17:50:55 | INFO     | __main__:main:47 - ==================================================
2026-02-04 17:51:26 | WARNING  | intelclaw.perception.ui_automation:<module>:20 - win32 modules not available
2026-02-04 17:51:30 | INFO     | intelclaw.core.app:__init__:56 - IntelCLaw application instance created
2026-02-04 17:51:30 | ERROR    | __main__:main:58 - Fatal error: 'IntelCLawApp' object has no attribute 'start'
Traceback (most recent call last):

  File "M:\IntelCLaw\main.py", line 114, in <module>
    cli()
    └ <function cli at 0x000002B1FABE1E40>

  File "M:\IntelCLaw\main.py", line 110, in cli
    asyncio.run(main())
    │       │   └ <function main at 0x000002B1FA5CE520>
    │       └ <function run at 0x000002B1F8EB02C0>
    └ <module 'asyncio' from 'C:\\Program Files\\Python313\\Lib\\asyncio\\__init__.py'>

  File "C:\Program Files\Python313\Lib\asyncio\runners.py", line 195, in run
    return runner.run(main)
           │      │   └ <coroutine object main at 0x000002B1FABBDFC0>
           │      └ <function Runner.run at 0x000002B1FA5BEB60>
           └ <asyncio.runners.Runner object at 0x000002B1FABD7B60>
  File "C:\Program Files\Python313\Lib\asyncio\runners.py", line 118, in run
    return self._loop.run_until_complete(task)
           │    │     │                  └ <Task pending name='Task-1' coro=<main() running at M:\IntelCLaw\main.py:58> cb=[_run_until_complete_cb() at C:\Program Files...
           │    │     └ <function BaseEventLoop.run_until_complete at 0x000002B1FA5BC720>
           │    └ <ProactorEventLoop running=True closed=False debug=False>
           └ <asyncio.runners.Runner object at 0x000002B1FABD7B60>
  File "C:\Program Files\Python313\Lib\asyncio\base_events.py", line 712, in run_until_complete
    self.run_forever()
    │    └ <function BaseEventLoop.run_forever at 0x000002B1FA5BC680>
    └ <ProactorEventLoop running=True closed=False debug=False>
  File "C:\Program Files\Python313\Lib\asyncio\base_events.py", line 683, in run_forever
    self._run_once()
    │    └ <function BaseEventLoop._run_once at 0x000002B1FA5BE480>
    └ <ProactorEventLoop running=True closed=False debug=False>
  File "C:\Program Files\Python313\Lib\asyncio\base_events.py", line 2040, in _run_once
    handle._run()
    │      └ <function Handle._run at 0x000002B1F8EB1620>
    └ <Handle <_asyncio.TaskStepMethWrapper object at 0x000002B1FAA2B5E0>()>
  File "C:\Program Files\Python313\Lib\asyncio\events.py", line 89, in _run
    self._context.run(self._callback, *self._args)
    │    │            │    │           │    └ <member '_args' of 'Handle' objects>
    │    │            │    │           └ <Handle <_asyncio.TaskStepMethWrapper object at 0x000002B1FAA2B5E0>()>
    │    │            │    └ <member '_callback' of 'Handle' objects>
    │    │            └ <Handle <_asyncio.TaskStepMethWrapper object at 0x000002B1FAA2B5E0>()>
    │    └ <member '_context' of 'Handle' objects>
    └ <Handle <_asyncio.TaskStepMethWrapper object at 0x000002B1FAA2B5E0>()>

> File "M:\IntelCLaw\main.py", line 53, in main
    await app.start()
          └ <intelclaw.core.app.IntelCLawApp object at 0x000002B19D18CD70>

AttributeError: 'IntelCLawApp' object has no attribute 'start'. Did you mean: 'startup'?
